<?xml version="1.0" encoding="UTF-8"?>
<!-- Generated by org.testng.reporters.JUnitReportReporter -->
<testsuite skipped="0" hostname="DESKTOP-MEO2EG1" name="testng.verifyphpsite" tests="1" failures="0" timestamp="29 Mar 2019 02:04:52 GMT" time="4.676" errors="0">
  <testcase name="about" time="4.676" classname="testng.verifyphpsite"/>
</testsuite> <!-- testng.verifyphpsite -->
