<?xml version="1.0" encoding="UTF-8"?>
<!-- Generated by org.testng.reporters.JUnitReportReporter -->
<testsuite skipped="0" hostname="DESKTOP-MEO2EG1" name="testng.verifyphpsiteTest" tests="1" failures="0" timestamp="29 Mar 2019 02:15:36 GMT" time="4.515" errors="0">
  <testcase name="about" time="4.515" classname="testng.verifyphpsiteTest"/>
</testsuite> <!-- testng.verifyphpsiteTest -->
